# JRE version: OpenJDK Runtime Environment (20.0.2+9) (build 20.0.2+9-78)
# Java VM: OpenJDK 64-Bit Server VM (20.0.2+9-78, mixed mode, emulated-client, sharing, tiered, compressed oops, compressed class ptrs, g1 gc, windows-amd64)
GC Precious Log:
 CardTable entry size: 512
 Card Set container configuration: InlinePtr #cards 5 size 8 Array Of Cards #cards 12 size 40 Howl #buckets 4 coarsen threshold 1843 Howl Bitmap #cards 512 size 80 coarsen threshold 460 Card regions per heap region 1 cards per card region 2048
 CPUs: 6 total, 6 available
 Memory: 7599M
 Large Page Support: Disabled
 NUMA Support: Disabled
 Compressed Oops: Enabled (32-bit)
 Heap Region Size: 1M
 Heap Min Capacity: 8M
 Heap Initial Capacity: 120M
 Heap Max Capacity: 1900M
 Pre-touch: Disabled
 Parallel Workers: 6
 Concurrent Workers: 2
 Concurrent Refinement Workers: 6
 Periodic GC: Disabled
Heap:
 garbage-first heap   total 78848K, used 46927K [0x0000000089400000, 0x0000000100000000)
  region size 1024K, 8 young (8192K), 3 survivors (3072K)
 Metaspace       used 76398K, committed 77184K, reserved 1179648K
  class space    used 10978K, committed 11328K, reserved 1048576K
GC Heap History (20 events):
Event: 65.950 GC heap before
{Heap before GC invocations=27 (full 0):
 garbage-first heap   total 78848K, used 68911K [0x0000000089400000, 0x0000000100000000)
  region size 1024K, 29 young (29696K), 4 survivors (4096K)
 Metaspace       used 74955K, committed 75776K, reserved 1114112K
  class space    used 10841K, committed 11200K, reserved 1048576K
}
Event: 65.954 GC heap after
{Heap after GC invocations=28 (full 0):
 garbage-first heap   total 78848K, used 44343K [0x0000000089400000, 0x0000000100000000)
  region size 1024K, 2 young (2048K), 2 survivors (2048K)
 Metaspace       used 74955K, committed 75776K, reserved 1114112K
  class space    used 10841K, committed 11200K, reserved 1048576K
}
Event: 197.102 GC heap before
{Heap before GC invocations=28 (full 0):
 garbage-first heap   total 78848K, used 60727K [0x0000000089400000, 0x0000000100000000)
  region size 1024K, 19 young (19456K), 2 survivors (2048K)
 Metaspace       used 75046K, committed 75840K, reserved 1114112K
  class space    used 10861K, committed 11200K, reserved 1048576K
}
Event: 197.808 GC heap after
{Heap after GC invocations=29 (full 1):
 garbage-first heap   total 78848K, used 29123K [0x0000000089400000, 0x0000000100000000)
  region size 1024K, 0 young (0K), 0 survivors (0K)
 Metaspace       used 74678K, committed 75840K, reserved 1114112K
  class space    used 10766K, committed 11200K, reserved 1048576K
}
Event: 199.704 GC heap before
{Heap before GC invocations=29 (full 1):
 garbage-first heap   total 78848K, used 68035K [0x0000000089400000, 0x0000000100000000)
  region size 1024K, 39 young (39936K), 0 survivors (0K)
 Metaspace       used 74805K, committed 75840K, reserved 1114112K
  class space    used 10799K, committed 11200K, reserved 1048576K
}
Event: 199.717 GC heap after
{Heap after GC invocations=30 (full 1):
 garbage-first heap   total 78848K, used 33194K [0x0000000089400000, 0x0000000100000000)
  region size 1024K, 4 young (4096K), 4 survivors (4096K)
 Metaspace       used 74805K, committed 75840K, reserved 1114112K
  class space    used 10799K, committed 11200K, reserved 1048576K
}
Event: 210.531 GC heap before
{Heap before GC invocations=31 (full 1):
 garbage-first heap   total 78848K, used 66986K [0x0000000089400000, 0x0000000100000000)
  region size 1024K, 37 young (37888K), 4 survivors (4096K)
 Metaspace       used 75225K, committed 75904K, reserved 1114112K
  class space    used 10873K, committed 11200K, reserved 1048576K
}
Event: 210.541 GC heap after
{Heap after GC invocations=32 (full 1):
 garbage-first heap   total 78848K, used 35373K [0x0000000089400000, 0x0000000100000000)
  region size 1024K, 5 young (5120K), 5 survivors (5120K)
 Metaspace       used 75225K, committed 75904K, reserved 1114112K
  class space    used 10873K, committed 11200K, reserved 1048576K
}
Event: 211.190 GC heap before
{Heap before GC invocations=32 (full 1):
 garbage-first heap   total 78848K, used 65069K [0x0000000089400000, 0x0000000100000000)
  region size 1024K, 34 young (34816K), 5 survivors (5120K)
 Metaspace       used 75487K, committed 76160K, reserved 1179648K
  class space    used 10899K, committed 11200K, reserved 1048576K
}
Event: 211.194 GC heap after
{Heap after GC invocations=33 (full 1):
 garbage-first heap   total 78848K, used 36379K [0x0000000089400000, 0x0000000100000000)
  region size 1024K, 3 young (3072K), 3 survivors (3072K)
 Metaspace       used 75487K, committed 76160K, reserved 1179648K
  class space    used 10899K, committed 11200K, reserved 1048576K
}
Event: 211.970 GC heap before
{Heap before GC invocations=33 (full 1):
 garbage-first heap   total 78848K, used 68123K [0x0000000089400000, 0x0000000100000000)
  region size 1024K, 34 young (34816K), 3 survivors (3072K)
 Metaspace       used 75629K, committed 76288K, reserved 1179648K
  class space    used 10918K, committed 11200K, reserved 1048576K
}
Event: 211.978 GC heap after
{Heap after GC invocations=34 (full 1):
 garbage-first heap   total 78848K, used 38863K [0x0000000089400000, 0x0000000100000000)
  region size 1024K, 5 young (5120K), 5 survivors (5120K)
 Metaspace       used 75629K, committed 76288K, reserved 1179648K
  class space    used 10918K, committed 11200K, reserved 1048576K
}
Event: 212.440 GC heap before
{Heap before GC invocations=35 (full 1):
 garbage-first heap   total 78848K, used 66511K [0x0000000089400000, 0x0000000100000000)
  region size 1024K, 32 young (32768K), 5 survivors (5120K)
 Metaspace       used 76064K, committed 76800K, reserved 1179648K
  class space    used 10957K, committed 11264K, reserved 1048576K
}
Event: 212.449 GC heap after
{Heap after GC invocations=36 (full 1):
 garbage-first heap   total 78848K, used 39662K [0x0000000089400000, 0x0000000100000000)
  region size 1024K, 2 young (2048K), 2 survivors (2048K)
 Metaspace       used 76064K, committed 76800K, reserved 1179648K
  class space    used 10957K, committed 11264K, reserved 1048576K
}
Event: 212.726 GC heap before
{Heap before GC invocations=36 (full 1):
 garbage-first heap   total 78848K, used 69358K [0x0000000089400000, 0x0000000100000000)
  region size 1024K, 31 young (31744K), 2 survivors (2048K)
 Metaspace       used 76120K, committed 76800K, reserved 1179648K
  class space    used 10958K, committed 11264K, reserved 1048576K
}
Event: 212.730 GC heap after
{Heap after GC invocations=37 (full 1):
 garbage-first heap   total 78848K, used 40949K [0x0000000089400000, 0x0000000100000000)
  region size 1024K, 3 young (3072K), 3 survivors (3072K)
 Metaspace       used 76120K, committed 76800K, reserved 1179648K
  class space    used 10958K, committed 11264K, reserved 1048576K
}
Event: 212.984 GC heap before
{Heap before GC invocations=37 (full 1):
 garbage-first heap   total 78848K, used 69621K [0x0000000089400000, 0x0000000100000000)
  region size 1024K, 31 young (31744K), 3 survivors (3072K)
 Metaspace       used 76221K, committed 76928K, reserved 1179648K
  class space    used 10958K, committed 11264K, reserved 1048576K
}
Event: 212.988 GC heap after
{Heap after GC invocations=38 (full 1):
 garbage-first heap   total 78848K, used 41807K [0x0000000089400000, 0x0000000100000000)
  region size 1024K, 2 young (2048K), 2 survivors (2048K)
 Metaspace       used 76221K, committed 76928K, reserved 1179648K
  class space    used 10958K, committed 11264K, reserved 1048576K
}
Event: 213.345 GC heap before
{Heap before GC invocations=39 (full 1):
 garbage-first heap   total 78848K, used 70479K [0x0000000089400000, 0x0000000100000000)
  region size 1024K, 30 young (30720K), 2 survivors (2048K)
 Metaspace       used 76374K, committed 77056K, reserved 1179648K
  class space    used 10972K, committed 11264K, reserved 1048576K
}
Event: 213.349 GC heap after
{Heap after GC invocations=40 (full 1):
 garbage-first heap   total 78848K, used 42831K [0x0000000089400000, 0x0000000100000000)
  region size 1024K, 3 young (3072K), 3 survivors (3072K)
 Metaspace       used 76374K, committed 77056K, reserved 1179648K
  class space    used 10972K, committed 11264K, reserved 1048576K
}

